{
  "RSpec": {
    "coverage": {
      "/home/rob/Projects/boris-bikes/spec/docking_station_spec.rb": [
        1,
        null,
        1,
        8,
        null,
        1,
        1,
        1,
        null,
        1,
        1,
        2,
        null,
        null,
        null,
        1,
        1,
        2,
        null,
        1,
        1,
        21,
        2,
        null,
        null,
        null,
        null,
        1,
        1,
        1,
        1,
        1,
        0,
        null,
        null,
        1,
        1,
        1,
        1,
        null,
        1,
        1,
        1,
        1,
        null,
        null,
        null,
        null,
        1,
        1,
        1,
        2,
        null,
        null,
        1,
        1,
        1,
        1,
        null,
        null,
        1,
        1,
        1,
        1,
        2,
        null,
        null,
        null,
        null,
        null
      ],
      "/home/rob/Projects/boris-bikes/lib/docking_station.rb": [
        1,
        null,
        1,
        null,
        1,
        9,
        9,
        null,
        null,
        1,
        3,
        null,
        null,
        1,
        27,
        null,
        null,
        1,
        4,
        null,
        null,
        1,
        null,
        1,
        7,
        null,
        null,
        1,
        27,
        null,
        null,
        1,
        0,
        null,
        null,
        null
      ]
    },
    "timestamp": 1454232631
  }
}
