{
  "RSpec": {
    "coverage": {
      "/home/rob/Projects/boris-bikes/spec/bike_spec.rb": [
        1,
        null,
        1,
        1,
        1,
        1,
        1,
        null,
        null,
        null,
        null,
        1,
        1,
        1,
        1,
        null,
        null,
        null,
        1,
        1,
        1,
        1,
        1,
        null,
        null,
        null,
        null
      ],
      "/home/rob/Projects/boris-bikes/lib/bike.rb": [
        1,
        1,
        22,
        null,
        null,
        1,
        112,
        null,
        null,
        1,
        4,
        null,
        null,
        1,
        3,
        null,
        null,
        null
      ],
      "/home/rob/Projects/boris-bikes/spec/docking_station_spec.rb": [
        1,
        null,
        1,
        17,
        14,
        5,
        3,
        16,
        null,
        1,
        1,
        1,
        null,
        null,
        1,
        1,
        2,
        null,
        null,
        null,
        1,
        1,
        1,
        2,
        null,
        null,
        1,
        2,
        2,
        1,
        1,
        1,
        1,
        null,
        null,
        null,
        null,
        1,
        1,
        21,
        2,
        null,
        null,
        null,
        null,
        1,
        1,
        1,
        1,
        1,
        1,
        1,
        null,
        null,
        null,
        1,
        1,
        1,
        1,
        null,
        1,
        1,
        1,
        1,
        null,
        null,
        null,
        1,
        1,
        1,
        1,
        1,
        null,
        null,
        null,
        null,
        1,
        1,
        1,
        2,
        null,
        null,
        null,
        null,
        1,
        1,
        1,
        1,
        null,
        1,
        1,
        1,
        null,
        null,
        null,
        1,
        1,
        1,
        1,
        2,
        null,
        null,
        null,
        null,
        null,
        1,
        1,
        2,
        6,
        null,
        1,
        1,
        null,
        1,
        1,
        2,
        null,
        null,
        null,
        null
      ],
      "/home/rob/Projects/boris-bikes/lib/docking_station.rb": [
        1,
        null,
        1,
        1,
        null,
        1,
        18,
        18,
        18,
        null,
        null,
        1,
        7,
        null,
        null,
        1,
        67,
        66,
        64,
        64,
        null,
        null,
        1,
        11,
        null,
        null,
        1,
        19,
        4,
        3,
        3,
        null,
        null,
        1,
        null,
        1,
        133,
        null,
        null,
        1,
        66,
        null,
        null,
        null
      ],
      "/home/rob/Projects/boris-bikes/spec/feature_spec.rb": [
        1,
        1,
        1,
        1,
        null,
        1,
        1,
        1,
        1,
        1,
        1,
        20,
        3,
        4,
        1,
        1,
        1,
        1,
        1,
        null,
        null
      ],
      "/home/rob/Projects/boris-bikes/lib/garage.rb": [
        1,
        1,
        11,
        null,
        null
      ],
      "/home/rob/Projects/boris-bikes/lib/van.rb": [
        1,
        1,
        5,
        5,
        null,
        null,
        1,
        3,
        null,
        null,
        1,
        4,
        null,
        null,
        1,
        5,
        null,
        null,
        null
      ],
      "/home/rob/Projects/boris-bikes/spec/garage_spec.rb": [
        1,
        null,
        1,
        3,
        null,
        1,
        1,
        1,
        1,
        null,
        1,
        1,
        null,
        null,
        null,
        null
      ],
      "/home/rob/Projects/boris-bikes/spec/helpers_spec.rb": [
        1,
        null,
        1,
        31,
        null,
        null,
        1,
        4,
        4,
        null,
        null,
        1,
        2,
        null,
        null,
        1,
        3,
        null,
        null
      ],
      "/home/rob/Projects/boris-bikes/spec/van_spec.rb": [
        1,
        null,
        1,
        4,
        5,
        5,
        4,
        null,
        1,
        1,
        1,
        1,
        null,
        null,
        null,
        1,
        1,
        1,
        1,
        1,
        null,
        1,
        1,
        1,
        2,
        2,
        null,
        null,
        null,
        null,
        1,
        1,
        1,
        1,
        1,
        null,
        null,
        null,
        null
      ]
    },
    "timestamp": 1454363450
  }
}
